# JRE version: OpenJDK Runtime Environment (17.0.11) (build 17.0.11+0--11852314)
# Java VM: OpenJDK 64-Bit Server VM (17.0.11+0--11852314, mixed mode, tiered, compressed oops, compressed class ptrs, g1 gc, windows-amd64)
GC Precious Log:
 CPUs: 8 total, 8 available
 Memory: 7455M
 Large Page Support: Disabled
 NUMA Support: Disabled
 Compressed Oops: Enabled (32-bit)
 Heap Region Size: 1M
 Heap Min Capacity: 8M
 Heap Initial Capacity: 118M
 Heap Max Capacity: 2G
 Pre-touch: Disabled
 Parallel Workers: 8
 Concurrent Workers: 2
 Concurrent Refinement Workers: 8
 Periodic GC: Disabled
Heap:
 garbage-first heap   total 133120K, used 79078K [0x0000000080000000, 0x0000000100000000)
  region size 1024K, 2 young (2048K), 2 survivors (2048K)
 Metaspace       used 92517K, committed 93056K, reserved 1179648K
  class space    used 12134K, committed 12352K, reserved 1048576K
GC Heap History (20 events):
Event: 8.624 GC heap after
{Heap after GC invocations=23 (full 0):
 garbage-first heap   total 133120K, used 52252K [0x0000000080000000, 0x0000000100000000)
  region size 1024K, 5 young (5120K), 5 survivors (5120K)
 Metaspace       used 67188K, committed 67712K, reserved 1114112K
  class space    used 9175K, committed 9472K, reserved 1048576K
}
Event: 8.638 GC heap before
{Heap before GC invocations=23 (full 0):
 garbage-first heap   total 133120K, used 52252K [0x0000000080000000, 0x0000000100000000)
  region size 1024K, 6 young (6144K), 5 survivors (5120K)
 Metaspace       used 67388K, committed 67968K, reserved 1114112K
  class space    used 9193K, committed 9472K, reserved 1048576K
}
Event: 8.642 GC heap after
{Heap after GC invocations=24 (full 0):
 garbage-first heap   total 133120K, used 52259K [0x0000000080000000, 0x0000000100000000)
  region size 1024K, 1 young (1024K), 1 survivors (1024K)
 Metaspace       used 67388K, committed 67968K, reserved 1114112K
  class space    used 9193K, committed 9472K, reserved 1048576K
}
Event: 9.284 GC heap before
{Heap before GC invocations=24 (full 0):
 garbage-first heap   total 133120K, used 116771K [0x0000000080000000, 0x0000000100000000)
  region size 1024K, 58 young (59392K), 1 survivors (1024K)
 Metaspace       used 73212K, committed 73856K, reserved 1114112K
  class space    used 9923K, committed 10176K, reserved 1048576K
}
Event: 9.288 GC heap after
{Heap after GC invocations=25 (full 0):
 garbage-first heap   total 133120K, used 65071K [0x0000000080000000, 0x0000000100000000)
  region size 1024K, 7 young (7168K), 7 survivors (7168K)
 Metaspace       used 73212K, committed 73856K, reserved 1114112K
  class space    used 9923K, committed 10176K, reserved 1048576K
}
Event: 9.721 GC heap before
{Heap before GC invocations=25 (full 0):
 garbage-first heap   total 133120K, used 108079K [0x0000000080000000, 0x0000000100000000)
  region size 1024K, 49 young (50176K), 7 survivors (7168K)
 Metaspace       used 76974K, committed 77504K, reserved 1179648K
  class space    used 10367K, committed 10624K, reserved 1048576K
}
Event: 9.729 GC heap after
{Heap after GC invocations=26 (full 0):
 garbage-first heap   total 133120K, used 63851K [0x0000000080000000, 0x0000000100000000)
  region size 1024K, 7 young (7168K), 7 survivors (7168K)
 Metaspace       used 76974K, committed 77504K, reserved 1179648K
  class space    used 10367K, committed 10624K, reserved 1048576K
}
Event: 9.791 GC heap before
{Heap before GC invocations=26 (full 0):
 garbage-first heap   total 133120K, used 67947K [0x0000000080000000, 0x0000000100000000)
  region size 1024K, 12 young (12288K), 7 survivors (7168K)
 Metaspace       used 77469K, committed 78016K, reserved 1179648K
  class space    used 10432K, committed 10688K, reserved 1048576K
}
Event: 9.794 GC heap after
{Heap after GC invocations=27 (full 0):
 garbage-first heap   total 133120K, used 64907K [0x0000000080000000, 0x0000000100000000)
  region size 1024K, 1 young (1024K), 1 survivors (1024K)
 Metaspace       used 77469K, committed 78016K, reserved 1179648K
  class space    used 10432K, committed 10688K, reserved 1048576K
}
Event: 10.401 GC heap before
{Heap before GC invocations=28 (full 0):
 garbage-first heap   total 133120K, used 115083K [0x0000000080000000, 0x0000000100000000)
  region size 1024K, 43 young (44032K), 1 survivors (1024K)
 Metaspace       used 81918K, committed 82432K, reserved 1179648K
  class space    used 10844K, committed 11072K, reserved 1048576K
}
Event: 10.404 GC heap after
{Heap after GC invocations=29 (full 0):
 garbage-first heap   total 133120K, used 74295K [0x0000000080000000, 0x0000000100000000)
  region size 1024K, 4 young (4096K), 4 survivors (4096K)
 Metaspace       used 81918K, committed 82432K, reserved 1179648K
  class space    used 10844K, committed 11072K, reserved 1048576K
}
Event: 10.432 GC heap before
{Heap before GC invocations=29 (full 0):
 garbage-first heap   total 133120K, used 75319K [0x0000000080000000, 0x0000000100000000)
  region size 1024K, 6 young (6144K), 4 survivors (4096K)
 Metaspace       used 82296K, committed 82880K, reserved 1179648K
  class space    used 10873K, committed 11136K, reserved 1048576K
}
Event: 10.435 GC heap after
{Heap after GC invocations=30 (full 0):
 garbage-first heap   total 133120K, used 74266K [0x0000000080000000, 0x0000000100000000)
  region size 1024K, 1 young (1024K), 1 survivors (1024K)
 Metaspace       used 82296K, committed 82880K, reserved 1179648K
  class space    used 10873K, committed 11136K, reserved 1048576K
}
Event: 10.922 GC heap before
{Heap before GC invocations=30 (full 0):
 garbage-first heap   total 133120K, used 110106K [0x0000000080000000, 0x0000000100000000)
  region size 1024K, 36 young (36864K), 1 survivors (1024K)
 Metaspace       used 86635K, committed 87168K, reserved 1179648K
  class space    used 11395K, committed 11648K, reserved 1048576K
}
Event: 10.925 GC heap after
{Heap after GC invocations=31 (full 0):
 garbage-first heap   total 133120K, used 75512K [0x0000000080000000, 0x0000000100000000)
  region size 1024K, 2 young (2048K), 2 survivors (2048K)
 Metaspace       used 86635K, committed 87168K, reserved 1179648K
  class space    used 11395K, committed 11648K, reserved 1048576K
}
Event: 11.443 GC heap before
{Heap before GC invocations=32 (full 0):
 garbage-first heap   total 133120K, used 111352K [0x0000000080000000, 0x0000000100000000)
  region size 1024K, 37 young (37888K), 2 survivors (2048K)
 Metaspace       used 91296K, committed 91840K, reserved 1179648K
  class space    used 12003K, committed 12224K, reserved 1048576K
}
Event: 11.447 GC heap after
{Heap after GC invocations=33 (full 0):
 garbage-first heap   total 133120K, used 77922K [0x0000000080000000, 0x0000000100000000)
  region size 1024K, 5 young (5120K), 5 survivors (5120K)
 Metaspace       used 91296K, committed 91840K, reserved 1179648K
  class space    used 12003K, committed 12224K, reserved 1048576K
}
Event: 11.458 GC heap before
{Heap before GC invocations=33 (full 0):
 garbage-first heap   total 133120K, used 78946K [0x0000000080000000, 0x0000000100000000)
  region size 1024K, 6 young (6144K), 5 survivors (5120K)
 Metaspace       used 91456K, committed 92032K, reserved 1179648K
  class space    used 12013K, committed 12288K, reserved 1048576K
}
Event: 11.461 GC heap after
{Heap after GC invocations=34 (full 0):
 garbage-first heap   total 133120K, used 77837K [0x0000000080000000, 0x0000000100000000)
  region size 1024K, 1 young (1024K), 1 survivors (1024K)
 Metaspace       used 91456K, committed 92032K, reserved 1179648K
  class space    used 12013K, committed 12288K, reserved 1048576K
}
Event: 11.659 GC heap before
{Heap before GC invocations=34 (full 0):
 garbage-first heap   total 133120K, used 112653K [0x0000000080000000, 0x0000000100000000)
  region size 1024K, 34 young (34816K), 1 survivors (1024K)
 Metaspace       used 92517K, committed 93056K, reserved 1179648K
  class space    used 12134K, committed 12352K, reserved 1048576K
}

